# JRE version: OpenJDK Runtime Environment (7.0_55-b14) (build 1.7.0_55-b14)
# Java VM: OpenJDK 64-Bit Server VM (24.51-b03 mixed mode linux-amd64 compressed oops)
Heap
 PSYoungGen      total 132096K, used 5104K [0x00000007d7100000, 0x00000007df700000, 0x0000000800000000)
  eden space 126976K, 0% used [0x00000007d7100000,0x00000007d7100000,0x00000007ded00000)
  from space 5120K, 99% used [0x00000007ded00000,0x00000007df1fc010,0x00000007df200000)
  to   space 5120K, 0% used [0x00000007df200000,0x00000007df200000,0x00000007df700000)
 ParOldGen       total 83456K, used 3143K [0x0000000785400000, 0x000000078a580000, 0x00000007d7100000)
  object space 83456K, 3% used [0x0000000785400000,0x0000000785711ca0,0x000000078a580000)
 PSPermGen       total 21504K, used 15153K [0x000000077ae00000, 0x000000077c300000, 0x0000000785400000)
  object space 21504K, 70% used [0x000000077ae00000,0x000000077bccc570,0x000000077c300000)
GC Heap History (9 events):
Event: 0,944 GC heap before
{Heap before GC invocations=1 (full 0):
 PSYoungGen      total 36864K, used 31744K [0x00000007d7100000, 0x00000007d9a00000, 0x0000000800000000)
  eden space 31744K, 100% used [0x00000007d7100000,0x00000007d9000000,0x00000007d9000000)
  from space 5120K, 0% used [0x00000007d9500000,0x00000007d9500000,0x00000007d9a00000)
  to   space 5120K, 0% used [0x00000007d9000000,0x00000007d9000000,0x00000007d9500000)
 ParOldGen       total 83456K, used 0K [0x0000000785400000, 0x000000078a580000, 0x00000007d7100000)
  object space 83456K, 0% used [0x0000000785400000,0x0000000785400000,0x000000078a580000)
 PSPermGen       total 21504K, used 8455K [0x000000077ae00000, 0x000000077c300000, 0x0000000785400000)
  object space 21504K, 39% used [0x000000077ae00000,0x000000077b641e48,0x000000077c300000)
Event: 0,957 GC heap after
Heap after GC invocations=1 (full 0):
 PSYoungGen      total 36864K, used 4762K [0x00000007d7100000, 0x00000007db900000, 0x0000000800000000)
  eden space 31744K, 0% used [0x00000007d7100000,0x00000007d7100000,0x00000007d9000000)
  from space 5120K, 93% used [0x00000007d9000000,0x00000007d94a68f8,0x00000007d9500000)
  to   space 5120K, 0% used [0x00000007db400000,0x00000007db400000,0x00000007db900000)
 ParOldGen       total 83456K, used 8K [0x0000000785400000, 0x000000078a580000, 0x00000007d7100000)
  object space 83456K, 0% used [0x0000000785400000,0x0000000785402000,0x000000078a580000)
 PSPermGen       total 21504K, used 8455K [0x000000077ae00000, 0x000000077c300000, 0x0000000785400000)
  object space 21504K, 39% used [0x000000077ae00000,0x000000077b641e48,0x000000077c300000)
}
Event: 2,538 GC heap before
{Heap before GC invocations=2 (full 0):
 PSYoungGen      total 36864K, used 36506K [0x00000007d7100000, 0x00000007db900000, 0x0000000800000000)
  eden space 31744K, 100% used [0x00000007d7100000,0x00000007d9000000,0x00000007d9000000)
  from space 5120K, 93% used [0x00000007d9000000,0x00000007d94a68f8,0x00000007d9500000)
  to   space 5120K, 0% used [0x00000007db400000,0x00000007db400000,0x00000007db900000)
 ParOldGen       total 83456K, used 8K [0x0000000785400000, 0x000000078a580000, 0x00000007d7100000)
  object space 83456K, 0% used [0x0000000785400000,0x0000000785402000,0x000000078a580000)
 PSPermGen       total 21504K, used 10818K [0x000000077ae00000, 0x000000077c300000, 0x0000000785400000)
  object space 21504K, 50% used [0x000000077ae00000,0x000000077b8909c8,0x000000077c300000)
Event: 2,555 GC heap after
Heap after GC invocations=2 (full 0):
 PSYoungGen      total 68608K, used 4605K [0x00000007d7100000, 0x00000007db900000, 0x0000000800000000)
  eden space 63488K, 0% used [0x00000007d7100000,0x00000007d7100000,0x00000007daf00000)
  from space 5120K, 89% used [0x00000007db400000,0x00000007db87f740,0x00000007db900000)
  to   space 5120K, 0% used [0x00000007daf00000,0x00000007daf00000,0x00000007db400000)
 ParOldGen       total 83456K, used 16K [0x0000000785400000, 0x000000078a580000, 0x00000007d7100000)
  object space 83456K, 0% used [0x0000000785400000,0x0000000785404000,0x000000078a580000)
 PSPermGen       total 21504K, used 10818K [0x000000077ae00000, 0x000000077c300000, 0x0000000785400000)
  object space 21504K, 50% used [0x000000077ae00000,0x000000077b8909c8,0x000000077c300000)
}
Event: 3,381 GC heap before
{Heap before GC invocations=3 (full 0):
 PSYoungGen      total 68608K, used 68093K [0x00000007d7100000, 0x00000007db900000, 0x0000000800000000)
  eden space 63488K, 100% used [0x00000007d7100000,0x00000007daf00000,0x00000007daf00000)
  from space 5120K, 89% used [0x00000007db400000,0x00000007db87f740,0x00000007db900000)
  to   space 5120K, 0% used [0x00000007daf00000,0x00000007daf00000,0x00000007db400000)
 ParOldGen       total 83456K, used 16K [0x0000000785400000, 0x000000078a580000, 0x00000007d7100000)
  object space 83456K, 0% used [0x0000000785400000,0x0000000785404000,0x000000078a580000)
 PSPermGen       total 21504K, used 12597K [0x000000077ae00000, 0x000000077c300000, 0x0000000785400000)
  object space 21504K, 58% used [0x000000077ae00000,0x000000077ba4d598,0x000000077c300000)
Event: 3,415 GC heap after
Heap after GC invocations=3 (full 0):
 PSYoungGen      total 68608K, used 4785K [0x00000007d7100000, 0x00000007df700000, 0x0000000800000000)
  eden space 63488K, 0% used [0x00000007d7100000,0x00000007d7100000,0x00000007daf00000)
  from space 5120K, 93% used [0x00000007daf00000,0x00000007db3ac410,0x00000007db400000)
  to   space 5120K, 0% used [0x00000007df200000,0x00000007df200000,0x00000007df700000)
 ParOldGen       total 83456K, used 24K [0x0000000785400000, 0x000000078a580000, 0x00000007d7100000)
  object space 83456K, 0% used [0x0000000785400000,0x0000000785406000,0x000000078a580000)
 PSPermGen       total 21504K, used 12597K [0x000000077ae00000, 0x000000077c300000, 0x0000000785400000)
  object space 21504K, 58% used [0x000000077ae00000,0x000000077ba4d598,0x000000077c300000)
}
Event: 24,730 GC heap before
{Heap before GC invocations=4 (full 0):
 PSYoungGen      total 68608K, used 68273K [0x00000007d7100000, 0x00000007df700000, 0x0000000800000000)
  eden space 63488K, 100% used [0x00000007d7100000,0x00000007daf00000,0x00000007daf00000)
  from space 5120K, 93% used [0x00000007daf00000,0x00000007db3ac410,0x00000007db400000)
  to   space 5120K, 0% used [0x00000007df200000,0x00000007df200000,0x00000007df700000)
 ParOldGen       total 83456K, used 24K [0x0000000785400000, 0x000000078a580000, 0x00000007d7100000)
  object space 83456K, 0% used [0x0000000785400000,0x0000000785406000,0x000000078a580000)
 PSPermGen       total 21504K, used 14961K [0x000000077ae00000, 0x000000077c300000, 0x0000000785400000)
  object space 21504K, 69% used [0x000000077ae00000,0x000000077bc9c788,0x000000077c300000)
Event: 24,755 GC heap after
Heap after GC invocations=4 (full 0):
 PSYoungGen      total 132096K, used 5088K [0x00000007d7100000, 0x00000007df700000, 0x0000000800000000)
  eden space 126976K, 0% used [0x00000007d7100000,0x00000007d7100000,0x00000007ded00000)
  from space 5120K, 99% used [0x00000007df200000,0x00000007df6f8020,0x00000007df700000)
  to   space 5120K, 0% used [0x00000007ded00000,0x00000007ded00000,0x00000007df200000)
 ParOldGen       total 83456K, used 1167K [0x0000000785400000, 0x000000078a580000, 0x00000007d7100000)
  object space 83456K, 1% used [0x0000000785400000,0x0000000785523c00,0x000000078a580000)
 PSPermGen       total 21504K, used 14961K [0x000000077ae00000, 0x000000077c300000, 0x0000000785400000)
  object space 21504K, 69% used [0x000000077ae00000,0x000000077bc9c788,0x000000077c300000)
}
Event: 25,255 GC heap before
{Heap before GC invocations=5 (full 0):
 PSYoungGen      total 132096K, used 132064K [0x00000007d7100000, 0x00000007df700000, 0x0000000800000000)
  eden space 126976K, 100% used [0x00000007d7100000,0x00000007ded00000,0x00000007ded00000)
  from space 5120K, 99% used [0x00000007df200000,0x00000007df6f8020,0x00000007df700000)
  to   space 5120K, 0% used [0x00000007ded00000,0x00000007ded00000,0x00000007df200000)
 ParOldGen       total 83456K, used 1167K [0x0000000785400000, 0x000000078a580000, 0x00000007d7100000)
  object space 83456K, 1% used [0x0000000785400000,0x0000000785523c00,0x000000078a580000)
 PSPermGen       total 21504K, used 15153K [0x000000077ae00000, 0x000000077c300000, 0x0000000785400000)
  object space 21504K, 70% used [0x000000077ae00000,0x000000077bccc570,0x000000077c300000)

